<?xml version="1.0" encoding="UTF-8"?>
<testng-results ignored="0" total="12" passed="12" failed="0" skipped="0">
  <reporter-output>
  </reporter-output>
  <suite started-at="2024-02-29T00:17:31 CET" name="Appium Final Thesis" finished-at="2024-02-29T00:21:29 CET" duration-ms="237806">
    <groups>
    </groups>
    <test started-at="2024-02-29T00:17:31 CET" name="Test Cases" finished-at="2024-02-29T00:21:29 CET" duration-ms="237806">
      <class name="testcases.ProductPageTest">
        <test-method is-config="true" signature="setup()[pri:0, instance:testcases.ProductPageTest@ebaa6cb]" started-at="2024-02-29T00:19:56 CET" name="setup" finished-at="2024-02-29T00:20:13 CET" duration-ms="17410" status="PASS">
          <reporter-output>
          </reporter-output>
        </test-method> <!-- setup -->
        <test-method signature="validateProductSelectionTest()[pri:1, instance:testcases.ProductPageTest@ebaa6cb]" started-at="2024-02-29T00:20:13 CET" name="validateProductSelectionTest" finished-at="2024-02-29T00:20:13 CET" duration-ms="383" status="PASS">
          <reporter-output>
          </reporter-output>
        </test-method> <!-- validateProductSelectionTest -->
        <test-method is-config="true" signature="teardown()[pri:0, instance:testcases.ProductPageTest@ebaa6cb]" started-at="2024-02-29T00:20:13 CET" name="teardown" finished-at="2024-02-29T00:20:14 CET" duration-ms="668" status="PASS">
          <reporter-output>
          </reporter-output>
        </test-method> <!-- teardown -->
      </class> <!-- testcases.ProductPageTest -->
      <class name="testcases.HomePageTest">
        <test-method is-config="true" signature="setup()[pri:0, instance:testcases.HomePageTest@758705fa]" started-at="2024-02-29T00:19:41 CET" name="setup" finished-at="2024-02-29T00:19:53 CET" duration-ms="12060" status="PASS">
          <reporter-output>
          </reporter-output>
        </test-method> <!-- setup -->
        <test-method signature="clickOnLogoTest()[pri:1, instance:testcases.HomePageTest@758705fa]" started-at="2024-02-29T00:19:53 CET" name="clickOnLogoTest" finished-at="2024-02-29T00:19:55 CET" duration-ms="2017" status="PASS">
          <reporter-output>
          </reporter-output>
        </test-method> <!-- clickOnLogoTest -->
        <test-method is-config="true" signature="teardown()[pri:0, instance:testcases.HomePageTest@758705fa]" started-at="2024-02-29T00:19:55 CET" name="teardown" finished-at="2024-02-29T00:19:56 CET" duration-ms="644" status="PASS">
          <reporter-output>
          </reporter-output>
        </test-method> <!-- teardown -->
      </class> <!-- testcases.HomePageTest -->
      <class name="testcases.HeaderSectionTest">
        <test-method is-config="true" signature="setup()[pri:0, instance:testcases.HeaderSectionTest@76884e4b]" started-at="2024-02-29T00:17:31 CET" name="setup" finished-at="2024-02-29T00:17:49 CET" duration-ms="18430" status="PASS">
          <reporter-output>
          </reporter-output>
        </test-method> <!-- setup -->
        <test-method signature="clickOnLoginTest()[pri:0, instance:testcases.HeaderSectionTest@76884e4b]" started-at="2024-02-29T00:17:49 CET" name="clickOnLoginTest" finished-at="2024-02-29T00:17:51 CET" duration-ms="1316" status="PASS">
          <reporter-output>
          </reporter-output>
        </test-method> <!-- clickOnLoginTest -->
        <test-method is-config="true" signature="teardown()[pri:0, instance:testcases.HeaderSectionTest@76884e4b]" started-at="2024-02-29T00:17:51 CET" name="teardown" finished-at="2024-02-29T00:17:51 CET" duration-ms="756" status="PASS">
          <reporter-output>
          </reporter-output>
        </test-method> <!-- teardown -->
      </class> <!-- testcases.HeaderSectionTest -->
      <class name="testcases.LoginPageTest">
        <test-method is-config="true" signature="setup()[pri:0, instance:testcases.LoginPageTest@69653e16]" started-at="2024-02-29T00:18:28 CET" name="setup" finished-at="2024-02-29T00:18:40 CET" duration-ms="11875" status="PASS">
          <reporter-output>
          </reporter-output>
        </test-method> <!-- setup -->
        <test-method signature="validLoginTest()[pri:1, instance:testcases.LoginPageTest@69653e16]" started-at="2024-02-29T00:18:40 CET" name="validLoginTest" finished-at="2024-02-29T00:18:42 CET" duration-ms="2068" status="PASS">
          <reporter-output>
          </reporter-output>
        </test-method> <!-- validLoginTest -->
        <test-method is-config="true" signature="teardown()[pri:0, instance:testcases.LoginPageTest@69653e16]" started-at="2024-02-29T00:18:42 CET" name="teardown" finished-at="2024-02-29T00:18:43 CET" duration-ms="681" status="PASS">
          <reporter-output>
          </reporter-output>
        </test-method> <!-- teardown -->
        <test-method is-config="true" signature="setup()[pri:0, instance:testcases.LoginPageTest@69653e16]" started-at="2024-02-29T00:18:43 CET" name="setup" finished-at="2024-02-29T00:18:55 CET" duration-ms="12261" status="PASS">
          <reporter-output>
          </reporter-output>
        </test-method> <!-- setup -->
        <test-method signature="invalidLoginTest1()[pri:2, instance:testcases.LoginPageTest@69653e16]" started-at="2024-02-29T00:18:55 CET" name="invalidLoginTest1" finished-at="2024-02-29T00:18:57 CET" duration-ms="2101" status="PASS">
          <reporter-output>
          </reporter-output>
        </test-method> <!-- invalidLoginTest1 -->
        <test-method is-config="true" signature="teardown()[pri:0, instance:testcases.LoginPageTest@69653e16]" started-at="2024-02-29T00:18:57 CET" name="teardown" finished-at="2024-02-29T00:18:58 CET" duration-ms="727" status="PASS">
          <reporter-output>
          </reporter-output>
        </test-method> <!-- teardown -->
        <test-method is-config="true" signature="setup()[pri:0, instance:testcases.LoginPageTest@69653e16]" started-at="2024-02-29T00:18:58 CET" name="setup" finished-at="2024-02-29T00:19:10 CET" duration-ms="12086" status="PASS">
          <reporter-output>
          </reporter-output>
        </test-method> <!-- setup -->
        <test-method signature="invalidLoginTest2()[pri:3, instance:testcases.LoginPageTest@69653e16]" started-at="2024-02-29T00:19:10 CET" name="invalidLoginTest2" finished-at="2024-02-29T00:19:12 CET" duration-ms="2112" status="PASS">
          <reporter-output>
          </reporter-output>
        </test-method> <!-- invalidLoginTest2 -->
        <test-method is-config="true" signature="teardown()[pri:0, instance:testcases.LoginPageTest@69653e16]" started-at="2024-02-29T00:19:12 CET" name="teardown" finished-at="2024-02-29T00:19:13 CET" duration-ms="692" status="PASS">
          <reporter-output>
          </reporter-output>
        </test-method> <!-- teardown -->
        <test-method is-config="true" signature="setup()[pri:0, instance:testcases.LoginPageTest@69653e16]" started-at="2024-02-29T00:19:13 CET" name="setup" finished-at="2024-02-29T00:19:25 CET" duration-ms="11740" status="PASS">
          <reporter-output>
          </reporter-output>
        </test-method> <!-- setup -->
        <test-method signature="invalidLoginTest3()[pri:4, instance:testcases.LoginPageTest@69653e16]" started-at="2024-02-29T00:19:25 CET" name="invalidLoginTest3" finished-at="2024-02-29T00:19:27 CET" duration-ms="1991" status="PASS">
          <reporter-output>
          </reporter-output>
        </test-method> <!-- invalidLoginTest3 -->
        <test-method is-config="true" signature="teardown()[pri:0, instance:testcases.LoginPageTest@69653e16]" started-at="2024-02-29T00:19:27 CET" name="teardown" finished-at="2024-02-29T00:19:27 CET" duration-ms="637" status="PASS">
          <reporter-output>
          </reporter-output>
        </test-method> <!-- teardown -->
        <test-method is-config="true" signature="setup()[pri:0, instance:testcases.LoginPageTest@69653e16]" started-at="2024-02-29T00:19:27 CET" name="setup" finished-at="2024-02-29T00:19:39 CET" duration-ms="11630" status="PASS">
          <reporter-output>
          </reporter-output>
        </test-method> <!-- setup -->
        <test-method signature="newCustomerRegisterTest()[pri:5, instance:testcases.LoginPageTest@69653e16]" started-at="2024-02-29T00:19:39 CET" name="newCustomerRegisterTest" finished-at="2024-02-29T00:19:40 CET" duration-ms="1096" status="PASS">
          <reporter-output>
          </reporter-output>
        </test-method> <!-- newCustomerRegisterTest -->
        <test-method is-config="true" signature="teardown()[pri:0, instance:testcases.LoginPageTest@69653e16]" started-at="2024-02-29T00:19:40 CET" name="teardown" finished-at="2024-02-29T00:19:41 CET" duration-ms="620" status="PASS">
          <reporter-output>
          </reporter-output>
        </test-method> <!-- teardown -->
      </class> <!-- testcases.LoginPageTest -->
      <class name="testcases.CheckoutPageTest">
        <test-method is-config="true" signature="setup()[pri:0, instance:testcases.CheckoutPageTest@49d3c823]" started-at="2024-02-29T00:20:31 CET" name="setup" finished-at="2024-02-29T00:20:48 CET" duration-ms="16698" status="PASS">
          <reporter-output>
          </reporter-output>
        </test-method> <!-- setup -->
        <test-method signature="validateSuccessfulOrderTest()[pri:1, instance:testcases.CheckoutPageTest@49d3c823]" started-at="2024-02-29T00:20:48 CET" name="validateSuccessfulOrderTest" finished-at="2024-02-29T00:21:29 CET" duration-ms="40511" status="PASS">
          <reporter-output>
          </reporter-output>
        </test-method> <!-- validateSuccessfulOrderTest -->
        <test-method is-config="true" signature="teardown()[pri:0, instance:testcases.CheckoutPageTest@49d3c823]" started-at="2024-02-29T00:21:29 CET" name="teardown" finished-at="2024-02-29T00:21:29 CET" duration-ms="1" status="PASS">
          <reporter-output>
          </reporter-output>
        </test-method> <!-- teardown -->
      </class> <!-- testcases.CheckoutPageTest -->
      <class name="testcases.RegistrationPageTest">
        <test-method is-config="true" signature="setup()[pri:0, instance:testcases.RegistrationPageTest@6b8d96d9]" started-at="2024-02-29T00:17:51 CET" name="setup" finished-at="2024-02-29T00:18:04 CET" duration-ms="12963" status="PASS">
          <reporter-output>
          </reporter-output>
        </test-method> <!-- setup -->
        <test-method signature="validRegistrationTest()[pri:1, instance:testcases.RegistrationPageTest@6b8d96d9]" started-at="2024-02-29T00:18:04 CET" name="validRegistrationTest" finished-at="2024-02-29T00:18:10 CET" duration-ms="5195" status="PASS">
          <reporter-output>
          </reporter-output>
        </test-method> <!-- validRegistrationTest -->
        <test-method is-config="true" signature="teardown()[pri:0, instance:testcases.RegistrationPageTest@6b8d96d9]" started-at="2024-02-29T00:18:10 CET" name="teardown" finished-at="2024-02-29T00:18:10 CET" duration-ms="753" status="PASS">
          <reporter-output>
          </reporter-output>
        </test-method> <!-- teardown -->
        <test-method is-config="true" signature="setup()[pri:0, instance:testcases.RegistrationPageTest@6b8d96d9]" started-at="2024-02-29T00:18:10 CET" name="setup" finished-at="2024-02-29T00:18:24 CET" duration-ms="13266" status="PASS">
          <reporter-output>
          </reporter-output>
        </test-method> <!-- setup -->
        <test-method signature="invalidRegistrationTest()[pri:2, instance:testcases.RegistrationPageTest@6b8d96d9]" started-at="2024-02-29T00:18:24 CET" name="invalidRegistrationTest" finished-at="2024-02-29T00:18:28 CET" duration-ms="4113" status="PASS">
          <reporter-output>
          </reporter-output>
        </test-method> <!-- invalidRegistrationTest -->
        <test-method is-config="true" signature="teardown()[pri:0, instance:testcases.RegistrationPageTest@6b8d96d9]" started-at="2024-02-29T00:18:28 CET" name="teardown" finished-at="2024-02-29T00:18:28 CET" duration-ms="703" status="PASS">
          <reporter-output>
          </reporter-output>
        </test-method> <!-- teardown -->
      </class> <!-- testcases.RegistrationPageTest -->
      <class name="testcases.ShoppingCartPageTest">
        <test-method is-config="true" signature="setup()[pri:0, instance:testcases.ShoppingCartPageTest@906d29b]" started-at="2024-02-29T00:20:14 CET" name="setup" finished-at="2024-02-29T00:20:31 CET" duration-ms="16667" status="PASS">
          <reporter-output>
          </reporter-output>
        </test-method> <!-- setup -->
        <test-method signature="validateAddToCartTest()[pri:1, instance:testcases.ShoppingCartPageTest@906d29b]" started-at="2024-02-29T00:20:31 CET" name="validateAddToCartTest" finished-at="2024-02-29T00:20:31 CET" duration-ms="16" status="PASS">
          <reporter-output>
          </reporter-output>
        </test-method> <!-- validateAddToCartTest -->
        <test-method is-config="true" signature="teardown()[pri:0, instance:testcases.ShoppingCartPageTest@906d29b]" started-at="2024-02-29T00:20:31 CET" name="teardown" finished-at="2024-02-29T00:20:31 CET" duration-ms="623" status="PASS">
          <reporter-output>
          </reporter-output>
        </test-method> <!-- teardown -->
      </class> <!-- testcases.ShoppingCartPageTest -->
    </test> <!-- Test Cases -->
  </suite> <!-- Appium Final Thesis -->
</testng-results>
