<?xml version="1.0" encoding="UTF-8"?>
<!-- Generated by org.testng.reporters.JUnitXMLReporter -->
<testsuite ignored="0" hostname="Sachin" failures="0" tests="12" name="Test Cases" time="237.806" errors="0" timestamp="2024-02-29T00:21:30 CET">
  <testcase classname="testcases.HeaderSectionTest" name="clickOnLoginTest" time="1.316"/>
  <testcase classname="testcases.RegistrationPageTest" name="validRegistrationTest" time="5.195"/>
  <testcase classname="testcases.RegistrationPageTest" name="invalidRegistrationTest" time="4.113"/>
  <testcase classname="testcases.LoginPageTest" name="validLoginTest" time="2.068"/>
  <testcase classname="testcases.LoginPageTest" name="invalidLoginTest1" time="2.101"/>
  <testcase classname="testcases.LoginPageTest" name="invalidLoginTest2" time="2.112"/>
  <testcase classname="testcases.LoginPageTest" name="invalidLoginTest3" time="1.991"/>
  <testcase classname="testcases.LoginPageTest" name="newCustomerRegisterTest" time="1.096"/>
  <testcase classname="testcases.HomePageTest" name="clickOnLogoTest" time="2.017"/>
  <testcase classname="testcases.ProductPageTest" name="validateProductSelectionTest" time="0.383"/>
  <testcase classname="testcases.ShoppingCartPageTest" name="validateAddToCartTest" time="0.016"/>
  <testcase classname="testcases.CheckoutPageTest" name="validateSuccessfulOrderTest" time="40.511"/>
</testsuite> <!-- Test Cases -->
